cat vt.out
N   0
U   1
L   2
S   3
O   4
H   5
S   6
T   7
X   8
E   9
T   10
X   11
E   12
O   13
T   14
E   15
N   16
Q   17
A   18
C   19
K   20
B   21
E   22
L   23
    24
B   25
S   26
    27
H   28
T   29
    30
L   31
F   32
    33
V   34
T   35
    36
F   37
F   38
    39
C   40
R   41
    42
S   43
O   44
    45
S   46
I   47
D   48
L   49
E   50
D   51
C   52
1   53
D   54
C   55
2   56
D   57
C   58
3   59
D   60
C   61
4   62
N   63
A   64
K   65
S   66
Y   67
N   68
E   69
T   70
B   71
C   72
A   73
N   74
    75
E   76
M   77
S   78
U   79
B   80
E   81
S   82
C   83
    84
F   85
S   86
    87
G   88
S   89
    90
R   91
S   92
    93
U   94
S   95
    96
S   97
P   98
    99
    100
!   101
    102
    103
"   104
    105
    106
#   107
    108
    109
$   110
    111
    112
%   113
    114
    115
&   116
    117
    118
'   119
    120
    121
(   122
    123
    124
)   125
    126
    127
*   128
    129
    130
+   131
    132
    133
,   134
    135
    136
-   137
    138
    139
.   140
    141
    142
/   143
    144
    145
1   146
    147
    148
2   149
    150
    151
3   152
    153
    154
4   155
    156
    157
5   158
    159
    160
6   161
    162
    163
7   164
    165
    166
8   167
    168
    169
9   170
    171
    172
:   173
    174
    175
;   176
    177
    178
<   179
    180
    181
=   182
    183
    184
>   185
    186
    187
?   188
    189
    190
@   191
    192
    193
A   194
    195
    196
B   197
    198
    199
C   200
    201
    202
D   203
    204
    205
E   206
    207
    208
F   209
    210
    211
G   212
    213
    214
H   215
    216
    217
I   218
    219
    220
J   221
    222
    223
K   224
    225
    226
L   227
    228
    229
M   230
    231
    232
N   233
    234
    235
O   236
    237
    238
P   239
    240
    241
Q   242
    243
    244
R   245
    246
    247
S   248
    249
    250
T   251
    252
    253
U   254
    255
    256
V   257
    258
    259
W   260
    261
    262
X   263
    264
    265
Y   266
    267
    268
Z   269
    270
    271
[   272
    273
    274
\   275
    276
    277
]   278
    279
    280
^   281
    282
    283
_   284
    285
    286
`   287
    288
    289
a   290
    291
    292
b   293
    294
    295
c   296
    297
    298
d   299
    300
    301
e   302
    303
    304
f   305
    306
    307
g   308
    309
    310
h   311
    312
    313
i   314
    315
    316
j   317
    318
    319
k   320
    321
    322
l   323
    324
    325
m   326
    327
    328
n   329
    330
    331
o   332
    333
    334
p   335
    336
    337
q   338
    339
    340
r   341
    342
    343
s   344
    345
    346
t   347
    348
    349
u   350
    351
    352
v   353
    354
    355
w   356
    357
    358
x   359
    360
    361
y   362
    363
    364
z   365
    366
    367
{   368
    369
    370
|   371
    372
    373
}   374
    375
    376
~   377
D   378
E   379
L   380
HHO 3  1  1
XXT 6  2  2
QQN 15  5  5
KKC 18  6  6
bb  291  97  61
,,  132  44  2c
cc  294  98  62
{{  366  122  7a
]]  276  92  5c
 381  127  7f
[[  270  90  5a
FFL 30  10  a
ra% 